<?xml version="1.0" encoding="UTF-8"?>
<!-- Generated by org.testng.reporters.JUnitReportReporter -->
<testsuite hostname="DESKTOP-0ICKN3U" failures="0" tests="1" name="com.safezoo.ManageTicketType.ManageTypeTicket" time="20.772" errors="0" timestamp="2022-12-07T17:48:30 IST" skipped="0">
  <testcase classname="com.safezoo.ManageTicketType.ManageTypeTicket" name="AddAnimal" time="20.772"/>
  <system-out/>
</testsuite> <!-- com.safezoo.ManageTicketType.ManageTypeTicket -->
