<?xml version="1.0" encoding="UTF-8"?>
<!-- Generated by org.testng.reporters.JUnitReportReporter -->
<testsuite hostname="DESKTOP-0ICKN3U" failures="0" tests="1" name="practice.FetchDataFromCMD" time="0.017" errors="0" timestamp="2022-12-14T17:28:18 IST" skipped="0">
  <testcase classname="practice.FetchDataFromCMD" name="test" time="0.017"/>
  <system-out/>
</testsuite> <!-- practice.FetchDataFromCMD -->
