<?xml version="1.0" encoding="UTF-8"?>
<!-- Generated by org.testng.reporters.JUnitReportReporter -->
<testsuite hostname="DESKTOP-0ICKN3U" failures="0" tests="1" name="com.safezoo.SearchTicket.ForignerTicketSearchTest" time="6.387" errors="0" timestamp="2022-12-07T16:35:28 IST" skipped="0">
  <testcase classname="com.safezoo.SearchTicket.ForignerTicketSearchTest" name="SearchForignerTicket" time="6.387"/>
  <system-out/>
</testsuite> <!-- com.safezoo.SearchTicket.ForignerTicketSearchTest -->
