<?xml version="1.0" encoding="UTF-8"?>
<!-- Generated by org.testng.reporters.JUnitReportReporter -->
<testsuite hostname="DESKTOP-0ICKN3U" failures="0" tests="1" name="com.safezoo.AddAnimal.Demo2" time="0.000" errors="0" timestamp="2022-12-06T15:37:31 IST" skipped="1">
  <testcase classname="com.safezoo.AddAnimal.Demo2" name="test3" time="0.000">
    <skipped/>
  </testcase> <!-- test3 -->
  <system-out/>
</testsuite> <!-- com.safezoo.AddAnimal.Demo2 -->
